<?xml version="1.0" encoding="UTF-8"?>
<!-- Generated by org.testng.reporters.JUnitXMLReporter -->
<testsuite hostname="Bingo" ignored="0" name="Android 53 Test" tests="2" failures="0" timestamp="01 Aug 2018 06:25:54 GMT" time="73.941" errors="0">
  <testcase name="Validating invalid user name and password error message" time="37.237" classname="com.qmetry.qaf.automation.step.client.Scenario"/>
  <testcase name="Validate no internet connection error message" time="14.619" classname="com.qmetry.qaf.automation.step.client.Scenario"/>
</testsuite> <!-- Android 53 Test -->
