<?xml version="1.0" encoding="UTF-8"?>
<!-- Generated by org.testng.reporters.JUnitXMLReporter -->
<testsuite hostname="Bingo" ignored="0" name="IOS 53 Test" tests="2" failures="0" timestamp="01 Aug 2018 06:27:26 GMT" time="166.549" errors="0">
  <testcase name="Validating invalid user name and password error message" time="69.718" classname="com.qmetry.qaf.automation.step.client.Scenario"/>
  <testcase name="Validate no internet connection error message" time="61.181" classname="com.qmetry.qaf.automation.step.client.Scenario"/>
</testsuite> <!-- IOS 53 Test -->
