<?xml version="1.0" encoding="UTF-8"?>
<!-- Generated by org.testng.reporters.JUnitXMLReporter -->
<testsuite hostname="ILWORKSTATION05" ignored="0" name="IOS Calc Test" tests="2" failures="0" timestamp="27 Jul 2018 14:56:32 GMT" time="132.051" errors="0">
  <testcase name="Validating invalid user name and password error message" time="48.913" classname="com.qmetry.qaf.automation.step.client.Scenario"/>
  <testcase name="Validate no internet connection error message" time="48.46" classname="com.qmetry.qaf.automation.step.client.Scenario"/>
</testsuite> <!-- IOS Calc Test -->
